{
  "RSpec": {
    "coverage": {
      "/home/decisive-linter-5598/tic-tac-toe-rb-online-web-sp-000/lib/tic_tac_toe.rb": [
        1,
        null,
        null,
        null,
        null,
        null,
        1,
        null,
        null,
        null,
        null,
        null,
        null,
        null,
        null,
        null,
        null,
        1,
        31,
        234,
        234,
        234,
        234,
        5,
        null,
        229,
        2,
        null,
        227,
        null,
        null,
        null,
        null,
        null,
        1,
        163,
        null,
        31,
        null,
        7,
        null,
        null,
        null,
        null,
        null,
        null,
        1,
        28,
        3,
        null,
        25,
        null,
        null,
        null,
        null,
        null,
        1,
        11,
        4,
        null,
        7,
        null,
        null,
        null,
        null,
        null,
        1,
        3,
        2,
        null,
        null,
        null,
        null,
        null,
        1,
        1,
        null,
        1,
        14,
        14,
        14,
        14,
        14,
        14,
        14,
        14,
        14,
        null,
        null,
        null,
        null,
        1,
        12,
        null,
        null,
        null,
        null,
        1,
        17,
        14,
        3,
        3,
        null,
        null,
        null,
        null,
        null,
        null,
        1,
        13,
        null,
        null,
        null,
        null,
        null,
        1,
        13,
        10,
        null,
        3,
        null,
        null,
        null,
        null,
        null,
        null,
        1,
        13,
        null,
        13,
        10,
        10,
        9,
        9,
        9,
        9,
        9,
        null,
        1,
        null,
        null,
        null,
        1,
        23,
        23,
        207,
        32,
        null,
        null,
        23,
        null,
        null,
        null,
        1,
        22,
        17,
        null,
        5,
        null,
        null,
        null,
        1,
        12,
        12,
        7,
        7,
        7,
        null,
        null,
        null,
        null,
        null,
        null,
        null,
        null
      ]
    },
    "timestamp": 1610414136
  }
}
